tv/build/outputs/logs/manifest-merger-debug-report.txt
-- Merging decision tree log ---
manifest
ADDED from src/main/AndroidManifest.xml:17:1-49:12
INJECTED from src/main/AndroidManifest.xml:17:1-49:12
INJECTED from src/main/AndroidManifest.xml:17:1-49:12
INJECTED from src/main/AndroidManifest.xml:17:1-49:12
MERGED from [com.android.support:leanback-v17:26.0.2] AndroidManifest.xml:17:1-28:12
MERGED from [:shared-module] AndroidManifest.xml:17:1-25:12
MERGED from [com.android.support:appcompat-v7:26.0.2] AndroidManifest.xml:17:1-31:12
MERGED from [com.android.support:support-v4:26.0.2] AndroidManifest.xml:17:1-31:12
MERGED from [com.android.support:support-fragment:26.0.2] AndroidManifest.xml:17:1-31:12
MERGED from [com.android.support:recyclerview-v7:26.0.2] AndroidManifest.xml:17:1-28:12
MERGED from [com.android.support:animated-vector-drawable:26.0.2] AndroidManifest.xml:17:1-28:12
MERGED from [com.android.support:support-core-ui:26.0.2] AndroidManifest.xml:17:1-31:12
MERGED from [com.android.support:support-media-compat:26.0.2] AndroidManifest.xml:17:1-31:12
MERGED from [com.android.support:support-core-utils:26.0.2] AndroidManifest.xml:17:1-31:12
MERGED from [com.android.support:support-vector-drawable:26.0.2] AndroidManifest.xml:17:1-28:12
MERGED from [com.android.support:support-compat:26.0.2] AndroidManifest.xml:17:1-31:12
MERGED from [com.android.billingclient:billing:1.0] AndroidManifest.xml:2:1-18:12
MERGED from [com.android.support:cardview-v7:26.0.2] AndroidManifest.xml:17:1-28:12
INJECTED from src/main/AndroidManifest.xml:17:1-49:12
INJECTED from src/main/AndroidManifest.xml:17:1-49:12
INJECTED from src/main/AndroidManifest.xml:17:1-49:12
	package
		ADDED from src/main/AndroidManifest.xml:19:5-40
		INJECTED from src/main/AndroidManifest.xml
		INJECTED from src/main/AndroidManifest.xml
	android:versionName
		INJECTED from src/main/AndroidManifest.xml
		ADDED from src/main/AndroidManifest.xml:17:1-49:12
		INJECTED from src/main/AndroidManifest.xml
	android:versionCode
		INJECTED from src/main/AndroidManifest.xml
		ADDED from src/main/AndroidManifest.xml:17:1-49:12
		INJECTED from src/main/AndroidManifest.xml
	xmlns:android
		ADDED from src/main/AndroidManifest.xml:17:11-69
	android:targetSandboxVersion
		ADDED from src/main/AndroidManifest.xml:18:5-37
uses-permission#android.permission.INTERNET
ADDED from src/main/AndroidManifest.xml:21:5-66
	android:name
		ADDED from src/main/AndroidManifest.xml:21:22-64
uses-feature#android.hardware.touchscreen
ADDED from src/main/AndroidManifest.xml:23:5-25:35
	android:required
		ADDED from src/main/AndroidManifest.xml:25:9-33
	android:name
		ADDED from src/main/AndroidManifest.xml:24:9-52
uses-feature#android.software.leanback
ADDED from src/main/AndroidManifest.xml:26:5-28:34
	android:required
		ADDED from src/main/AndroidManifest.xml:28:9-32
	android:name
		ADDED from src/main/AndroidManifest.xml:27:9-49
application
ADDED from src/main/AndroidManifest.xml:30:5-47:19
MERGED from [com.android.support:leanback-v17:26.0.2] AndroidManifest.xml:22:5-26:19
MERGED from [com.android.support:leanback-v17:26.0.2] AndroidManifest.xml:22:5-26:19
MERGED from [com.android.support:appcompat-v7:26.0.2] AndroidManifest.xml:25:5-29:19
MERGED from [com.android.support:appcompat-v7:26.0.2] AndroidManifest.xml:25:5-29:19
MERGED from [com.android.support:support-v4:26.0.2] AndroidManifest.xml:25:5-29:19
MERGED from [com.android.support:support-v4:26.0.2] AndroidManifest.xml:25:5-29:19
MERGED from [com.android.support:support-fragment:26.0.2] AndroidManifest.xml:25:5-29:19
MERGED from [com.android.support:support-fragment:26.0.2] AndroidManifest.xml:25:5-29:19
MERGED from [com.android.support:recyclerview-v7:26.0.2] AndroidManifest.xml:22:5-26:19
MERGED from [com.android.support:recyclerview-v7:26.0.2] AndroidManifest.xml:22:5-26:19
MERGED from [com.android.support:animated-vector-drawable:26.0.2] AndroidManifest.xml:22:5-26:19
MERGED from [com.android.support:animated-vector-drawable:26.0.2] AndroidManifest.xml:22:5-26:19
MERGED from [com.android.support:support-core-ui:26.0.2] AndroidManifest.xml:25:5-29:19
MERGED from [com.android.support:support-core-ui:26.0.2] AndroidManifest.xml:25:5-29:19
MERGED from [com.android.support:support-media-compat:26.0.2] AndroidManifest.xml:25:5-29:19
MERGED from [com.android.support:support-media-compat:26.0.2] AndroidManifest.xml:25:5-29:19
MERGED from [com.android.support:support-core-utils:26.0.2] AndroidManifest.xml:25:5-29:19
MERGED from [com.android.support:support-core-utils:26.0.2] AndroidManifest.xml:25:5-29:19
MERGED from [com.android.support:support-vector-drawable:26.0.2] AndroidManifest.xml:22:5-26:19
MERGED from [com.android.support:support-vector-drawable:26.0.2] AndroidManifest.xml:22:5-26:19
MERGED from [com.android.support:support-compat:26.0.2] AndroidManifest.xml:25:5-29:19
MERGED from [com.android.support:support-compat:26.0.2] AndroidManifest.xml:25:5-29:19
MERGED from [com.android.billingclient:billing:1.0] AndroidManifest.xml:11:5-16:19
MERGED from [com.android.billingclient:billing:1.0] AndroidManifest.xml:11:5-16:19
MERGED from [com.android.support:cardview-v7:26.0.2] AndroidManifest.xml:22:5-26:19
MERGED from [com.android.support:cardview-v7:26.0.2] AndroidManifest.xml:22:5-26:19
	android:supportsRtl
		ADDED from src/main/AndroidManifest.xml:34:9-35
	android:label
		ADDED from src/main/AndroidManifest.xml:33:9-41
	android:icon
		ADDED from src/main/AndroidManifest.xml:32:9-45
	android:allowBackup
		ADDED from src/main/AndroidManifest.xml:31:9-35
	android:theme
		ADDED from src/main/AndroidManifest.xml:35:9-40
activity#com.example.billingsample.TrivialDriveActivity
ADDED from src/main/AndroidManifest.xml:36:9-45:20
	android:screenOrientation
		ADDED from src/main/AndroidManifest.xml:40:13-50
	android:label
		ADDED from src/main/AndroidManifest.xml:39:13-45
	android:banner
		ADDED from src/main/AndroidManifest.xml:38:13-51
	android:name
		ADDED from src/main/AndroidManifest.xml:37:13-49
intent-filter#action:name:android.intent.action.MAIN+category:name:android.intent.category.LEANBACK_LAUNCHER
ADDED from src/main/AndroidManifest.xml:41:13-44:29
action#android.intent.action.MAIN
ADDED from src/main/AndroidManifest.xml:42:17-68
	android:name
		ADDED from src/main/AndroidManifest.xml:42:25-66
category#android.intent.category.LEANBACK_LAUNCHER
ADDED from src/main/AndroidManifest.xml:43:17-85
	android:name
		ADDED from src/main/AndroidManifest.xml:43:27-83
uses-sdk
INJECTED from src/main/AndroidManifest.xml reason: use-sdk injection requested
INJECTED from src/main/AndroidManifest.xml
INJECTED from src/main/AndroidManifest.xml
MERGED from [com.android.support:leanback-v17:26.0.2] AndroidManifest.xml:20:5-44
MERGED from [com.android.support:leanback-v17:26.0.2] AndroidManifest.xml:20:5-44
MERGED from [:shared-module] AndroidManifest.xml:21:5-23:41
MERGED from [:shared-module] AndroidManifest.xml:21:5-23:41
MERGED from [com.android.support:appcompat-v7:26.0.2] AndroidManifest.xml:21:5-23:78
MERGED from [com.android.support:appcompat-v7:26.0.2] AndroidManifest.xml:21:5-23:78
MERGED from [com.android.support:support-v4:26.0.2] AndroidManifest.xml:21:5-23:54
MERGED from [com.android.support:support-v4:26.0.2] AndroidManifest.xml:21:5-23:54
MERGED from [com.android.support:support-fragment:26.0.2] AndroidManifest.xml:21:5-23:60
MERGED from [com.android.support:support-fragment:26.0.2] AndroidManifest.xml:21:5-23:60
MERGED from [com.android.support:recyclerview-v7:26.0.2] AndroidManifest.xml:20:5-44
MERGED from [com.android.support:recyclerview-v7:26.0.2] AndroidManifest.xml:20:5-44
MERGED from [com.android.support:animated-vector-drawable:26.0.2] AndroidManifest.xml:20:5-44
MERGED from [com.android.support:animated-vector-drawable:26.0.2] AndroidManifest.xml:20:5-44
MERGED from [com.android.support:support-core-ui:26.0.2] AndroidManifest.xml:21:5-23:58
MERGED from [com.android.support:support-core-ui:26.0.2] AndroidManifest.xml:21:5-23:58
MERGED from [com.android.support:support-media-compat:26.0.2] AndroidManifest.xml:21:5-23:63
MERGED from [com.android.support:support-media-compat:26.0.2] AndroidManifest.xml:21:5-23:63
MERGED from [com.android.support:support-core-utils:26.0.2] AndroidManifest.xml:21:5-23:61
MERGED from [com.android.support:support-core-utils:26.0.2] AndroidManifest.xml:21:5-23:61
MERGED from [com.android.support:support-vector-drawable:26.0.2] AndroidManifest.xml:20:5-44
MERGED from [com.android.support:support-vector-drawable:26.0.2] AndroidManifest.xml:20:5-44
MERGED from [com.android.support:support-compat:26.0.2] AndroidManifest.xml:21:5-23:58
MERGED from [com.android.support:support-compat:26.0.2] AndroidManifest.xml:21:5-23:58
MERGED from [com.android.billingclient:billing:1.0] AndroidManifest.xml:5:5-7:41
MERGED from [com.android.billingclient:billing:1.0] AndroidManifest.xml:5:5-7:41
MERGED from [com.android.support:cardview-v7:26.0.2] AndroidManifest.xml:20:5-44
MERGED from [com.android.support:cardview-v7:26.0.2] AndroidManifest.xml:20:5-44
INJECTED from src/main/AndroidManifest.xml
INJECTED from src/main/AndroidManifest.xml
	tools:overrideLibrary
		ADDED from [com.android.support:appcompat-v7:26.0.2] AndroidManifest.xml:23:9-75
	android:targetSdkVersion
		INJECTED from src/main/AndroidManifest.xml
		ADDED from src/main/AndroidManifest.xml
		INJECTED from src/main/AndroidManifest.xml
	android:minSdkVersion
		INJECTED from src/main/AndroidManifest.xml
		ADDED from src/main/AndroidManifest.xml
		INJECTED from src/main/AndroidManifest.xml
meta-data#android.support.VERSION
ADDED from [com.android.support:leanback-v17:26.0.2] AndroidManifest.xml:23:9-25:38
MERGED from [com.android.support:appcompat-v7:26.0.2] AndroidManifest.xml:26:9-28:38
MERGED from [com.android.support:appcompat-v7:26.0.2] AndroidManifest.xml:26:9-28:38
MERGED from [com.android.support:support-v4:26.0.2] AndroidManifest.xml:26:9-28:38
MERGED from [com.android.support:support-v4:26.0.2] AndroidManifest.xml:26:9-28:38
MERGED from [com.android.support:support-fragment:26.0.2] AndroidManifest.xml:26:9-28:38
MERGED from [com.android.support:support-fragment:26.0.2] AndroidManifest.xml:26:9-28:38
MERGED from [com.android.support:recyclerview-v7:26.0.2] AndroidManifest.xml:23:9-25:38
MERGED from [com.android.support:recyclerview-v7:26.0.2] AndroidManifest.xml:23:9-25:38
MERGED from [com.android.support:animated-vector-drawable:26.0.2] AndroidManifest.xml:23:9-25:38
MERGED from [com.android.support:animated-vector-drawable:26.0.2] AndroidManifest.xml:23:9-25:38
MERGED from [com.android.support:support-core-ui:26.0.2] AndroidManifest.xml:26:9-28:38
MERGED from [com.android.support:support-core-ui:26.0.2] AndroidManifest.xml:26:9-28:38
MERGED from [com.android.support:support-media-compat:26.0.2] AndroidManifest.xml:26:9-28:38
MERGED from [com.android.support:support-media-compat:26.0.2] AndroidManifest.xml:26:9-28:38
MERGED from [com.android.support:support-core-utils:26.0.2] AndroidManifest.xml:26:9-28:38
MERGED from [com.android.support:support-core-utils:26.0.2] AndroidManifest.xml:26:9-28:38
MERGED from [com.android.support:support-vector-drawable:26.0.2] AndroidManifest.xml:23:9-25:38
MERGED from [com.android.support:support-vector-drawable:26.0.2] AndroidManifest.xml:23:9-25:38
MERGED from [com.android.support:support-compat:26.0.2] AndroidManifest.xml:26:9-28:38
MERGED from [com.android.support:support-compat:26.0.2] AndroidManifest.xml:26:9-28:38
MERGED from [com.android.support:cardview-v7:26.0.2] AndroidManifest.xml:23:9-25:38
MERGED from [com.android.support:cardview-v7:26.0.2] AndroidManifest.xml:23:9-25:38
	android:value
		ADDED from [com.android.support:leanback-v17:26.0.2] AndroidManifest.xml:25:13-35
	android:name
		ADDED from [com.android.support:leanback-v17:26.0.2] AndroidManifest.xml:24:13-51
uses-permission#com.android.vending.BILLING
ADDED from [com.android.billingclient:billing:1.0] AndroidManifest.xml:9:5-67
	android:name
		ADDED from [com.android.billingclient:billing:1.0] AndroidManifest.xml:9:22-64
activity#com.android.billingclient.api.ProxyBillingActivity
ADDED from [com.android.billingclient:billing:1.0] AndroidManifest.xml:12:9-15:75
	android:configChanges
		ADDED from [com.android.billingclient:billing:1.0] AndroidManifest.xml:14:13-96
	android:theme
		ADDED from [com.android.billingclient:billing:1.0] AndroidManifest.xml:15:13-72
	android:name
		ADDED from [com.android.billingclient:billing:1.0] AndroidManifest.xml:13:13-78